-------------------------------------------------------------------------------
Test set: TestSuite
-------------------------------------------------------------------------------
Tests run: 3, Failures: 1, Errors: 0, Skipped: 0, Time elapsed: 15.653 s <<< FAILURE! - in TestSuite
runScenario(cucumberOptions.TestNGTestRunner)  Time elapsed: 13.558 s  <<< FAILURE!
java.lang.AssertionError: expected [Beetroot] but found [No data]

